{"contracts/Ownable.sol":{"l":{"13":2,"17":0,"18":0,"22":0,"23":0,"27":0,"31":0,"32":0,"33":0},"path":"/Users/shao/Desktop/test-ownable/contracts/Ownable.sol","s":{"1":2,"2":0,"3":0,"4":0,"5":0,"6":0,"7":0,"8":0},"b":{"1":[0,0],"2":[0,0]},"f":{"1":2,"2":0,"3":0,"4":0,"5":0},"fnMap":{"1":{"name":"constructor","line":12,"loc":{"start":{"line":12,"column":2},"end":{"line":12,"column":22}}},"2":{"name":"onlyOwner","line":16,"loc":{"start":{"line":16,"column":2},"end":{"line":16,"column":22}}},"3":{"name":"renounceOwnership","line":21,"loc":{"start":{"line":21,"column":2},"end":{"line":21,"column":47}}},"4":{"name":"transferOwnership","line":26,"loc":{"start":{"line":26,"column":2},"end":{"line":26,"column":64}}},"5":{"name":"_transferOwnership","line":30,"loc":{"start":{"line":30,"column":2},"end":{"line":30,"column":57}}}},"statementMap":{"1":{"start":{"line":13,"column":4},"end":{"line":13,"column":21}},"2":{"start":{"line":17,"column":4},"end":{"line":17,"column":31}},"3":{"start":{"line":22,"column":4},"end":{"line":22,"column":34}},"4":{"start":{"line":23,"column":4},"end":{"line":23,"column":21}},"5":{"start":{"line":27,"column":4},"end":{"line":27,"column":32}},"6":{"start":{"line":31,"column":4},"end":{"line":31,"column":35}},"7":{"start":{"line":32,"column":4},"end":{"line":32,"column":47}},"8":{"start":{"line":33,"column":4},"end":{"line":33,"column":20}}},"branchMap":{"1":{"line":17,"type":"if","locations":[{"start":{"line":17,"column":4},"end":{"line":17,"column":4}},{"start":{"line":17,"column":4},"end":{"line":17,"column":4}}]},"2":{"line":31,"type":"if","locations":[{"start":{"line":31,"column":4},"end":{"line":31,"column":4}},{"start":{"line":31,"column":4},"end":{"line":31,"column":4}}]}}}}