{"contracts/Gamble.sol":{"l":{"15":4,"19":1,"23":9,"24":9,"25":7,"27":5,"28":4,"29":4,"30":4,"32":1,"37":5,"41":3,"42":1},"path":"/Users/jerrylee/Documents/JerryLee/blockchain/Smart-Contract-Modular-Template/TCI Examples/Gamble/contracts/Gamble.sol","s":{"1":4,"2":1,"3":9,"4":9,"5":7,"6":5,"7":4,"8":4,"9":4,"10":1,"11":5,"12":3,"13":1},"b":{"1":[7,2],"2":[5,2],"3":[4,1],"4":[1,2]},"f":{"1":7,"2":4,"3":1,"4":9,"5":5,"6":3},"fnMap":{"1":{"name":"","line":12,"loc":{"start":{"line":12,"column":4},"end":{"line":12,"column":29}}},"2":{"name":"getBalance","line":14,"loc":{"start":{"line":14,"column":4},"end":{"line":14,"column":51}}},"3":{"name":"setReturnRate","line":18,"loc":{"start":{"line":18,"column":4},"end":{"line":18,"column":61}}},"4":{"name":"wannaPlayAGame","line":22,"loc":{"start":{"line":22,"column":4},"end":{"line":22,"column":44}}},"5":{"name":"_isBankerWin","line":36,"loc":{"start":{"line":36,"column":4},"end":{"line":36,"column":52}}},"6":{"name":"getETH","line":40,"loc":{"start":{"line":40,"column":4},"end":{"line":40,"column":49}}}},"statementMap":{"1":{"start":{"line":15,"column":8},"end":{"line":15,"column":36}},"2":{"start":{"line":19,"column":8},"end":{"line":19,"column":31}},"3":{"start":{"line":23,"column":8},"end":{"line":23,"column":58}},"4":{"start":{"line":24,"column":8},"end":{"line":24,"column":95}},"5":{"start":{"line":25,"column":8},"end":{"line":25,"column":72}},"6":{"start":{"line":27,"column":8},"end":{"line":27,"column":862}},"7":{"start":{"line":28,"column":12},"end":{"line":28,"column":56}},"8":{"start":{"line":29,"column":12},"end":{"line":29,"column":47}},"9":{"start":{"line":30,"column":12},"end":{"line":30,"column":49}},"10":{"start":{"line":32,"column":12},"end":{"line":32,"column":50}},"11":{"start":{"line":37,"column":8},"end":{"line":37,"column":56}},"12":{"start":{"line":41,"column":8},"end":{"line":41,"column":87}},"13":{"start":{"line":42,"column":8},"end":{"line":42,"column":34}}},"branchMap":{"1":{"line":24,"type":"if","locations":[{"start":{"line":24,"column":8},"end":{"line":24,"column":8}},{"start":{"line":24,"column":8},"end":{"line":24,"column":8}}]},"2":{"line":25,"type":"if","locations":[{"start":{"line":25,"column":8},"end":{"line":25,"column":8}},{"start":{"line":25,"column":8},"end":{"line":25,"column":8}}]},"3":{"line":27,"type":"if","locations":[{"start":{"line":27,"column":8},"end":{"line":27,"column":8}},{"start":{"line":27,"column":8},"end":{"line":27,"column":8}}]},"4":{"line":41,"type":"if","locations":[{"start":{"line":41,"column":8},"end":{"line":41,"column":8}},{"start":{"line":41,"column":8},"end":{"line":41,"column":8}}]}}},"contracts/Leaderboard.sol":{"l":{"10":4,"11":1,"16":4,"17":1,"19":4,"20":4,"24":4,"25":3,"26":3,"29":1},"path":"/Users/jerrylee/Documents/JerryLee/blockchain/Smart-Contract-Modular-Template/TCI Examples/Gamble/contracts/Leaderboard.sol","s":{"1":4,"2":1,"3":4,"4":1,"5":4,"6":4,"7":4,"8":3,"9":3,"10":1},"b":{"1":[1,3],"2":[1,3],"3":[3,0]},"f":{"1":4,"2":4,"3":4},"fnMap":{"1":{"name":"_updateFirstPlace","line":8,"loc":{"start":{"line":8,"column":4},"end":{"line":8,"column":53}}},"2":{"name":"enterLeaderBoard","line":15,"loc":{"start":{"line":15,"column":4},"end":{"line":15,"column":70}}},"3":{"name":"_isInLeaderBoard","line":23,"loc":{"start":{"line":23,"column":4},"end":{"line":23,"column":72}}}},"statementMap":{"1":{"start":{"line":10,"column":8},"end":{"line":10,"column":369}},"2":{"start":{"line":11,"column":12},"end":{"line":11,"column":38}},"3":{"start":{"line":16,"column":8},"end":{"line":16,"column":569}},"4":{"start":{"line":17,"column":12},"end":{"line":17,"column":33}},"5":{"start":{"line":19,"column":8},"end":{"line":19,"column":40}},"6":{"start":{"line":20,"column":8},"end":{"line":20,"column":34}},"7":{"start":{"line":24,"column":8},"end":{"line":24,"column":822}},"8":{"start":{"line":25,"column":12},"end":{"line":25,"column":883}},"9":{"start":{"line":26,"column":16},"end":{"line":26,"column":27}},"10":{"start":{"line":29,"column":8},"end":{"line":29,"column":20}}},"branchMap":{"1":{"line":10,"type":"if","locations":[{"start":{"line":10,"column":8},"end":{"line":10,"column":8}},{"start":{"line":10,"column":8},"end":{"line":10,"column":8}}]},"2":{"line":16,"type":"if","locations":[{"start":{"line":16,"column":8},"end":{"line":16,"column":8}},{"start":{"line":16,"column":8},"end":{"line":16,"column":8}}]},"3":{"line":25,"type":"if","locations":[{"start":{"line":25,"column":12},"end":{"line":25,"column":12}},{"start":{"line":25,"column":12},"end":{"line":25,"column":12}}]}}}}