TN:
SF:/Users/hank/Desktop/Blockchain/TCI/MagicToken/contracts/Audience.sol
FN:17,_checkDonation
FN:22,donate
FN:27,getDonation
FNF:3
FNH:1
FNDA:0,_checkDonation
FNDA:2,donate
FNDA:0,getDonation
DA:18,0
DA:19,0
DA:23,2
DA:24,0
DA:28,0
LF:5
LH:1
BRDA:18,1,0,0
BRDA:18,1,1,0
BRF:2
BRH:0
end_of_record
TN:
SF:/Users/hank/Desktop/Blockchain/TCI/MagicToken/contracts/MagicAct.sol
FN:9,cardTrick
FN:16,partyShow
FN:23,stageShow
FN:30,illution
FNF:4
FNH:0
FNDA:0,cardTrick
FNDA:0,partyShow
FNDA:0,stageShow
FNDA:0,illution
DA:10,0
DA:11,0
DA:12,0
DA:13,0
DA:17,0
DA:18,0
DA:19,0
DA:20,0
DA:24,0
DA:25,0
DA:26,0
DA:27,0
DA:31,0
DA:32,0
DA:33,0
DA:34,0
LF:16
LH:0
BRDA:10,1,0,0
BRDA:10,1,1,0
BRDA:17,2,0,0
BRDA:17,2,1,0
BRDA:24,3,0,0
BRDA:24,3,1,0
BRDA:31,4,0,0
BRDA:31,4,1,0
BRF:8
BRH:0
end_of_record
TN:
SF:/Users/hank/Desktop/Blockchain/TCI/MagicToken/contracts/MagicToken.sol
FN:12,constructor
FNF:1
FNH:1
FNDA:6,constructor
DA:13,6
LF:1
LH:1
BRF:0
BRH:0
end_of_record
