{"contracts/Magic.sol":{"l":{"16":8,"20":2,"21":1,"25":3,"26":2,"30":2,"34":6,"38":4,"42":1,"46":2},"path":"/Users/hank/Desktop/CS/Blockchain/TCI/Magic/contracts/Magic.sol","s":{"1":8,"2":2,"3":3,"4":2,"5":6,"6":4,"7":1,"8":2},"b":{"1":[1,1],"2":[2,1]},"f":{"1":8,"2":2,"3":3,"4":2,"5":6,"6":4,"7":1,"8":2},"fnMap":{"1":{"name":"constructor","line":15,"loc":{"start":{"line":15,"column":1},"end":{"line":15,"column":30}}},"2":{"name":"checkEnoughDonation","line":19,"loc":{"start":{"line":19,"column":1},"end":{"line":19,"column":43}}},"3":{"name":"checkCoolDown","line":24,"loc":{"start":{"line":24,"column":1},"end":{"line":24,"column":36}}},"4":{"name":"donate","line":29,"loc":{"start":{"line":29,"column":1},"end":{"line":29,"column":34}}},"5":{"name":"getMagician","line":33,"loc":{"start":{"line":33,"column":3},"end":{"line":33,"column":53}}},"6":{"name":"getDonation","line":37,"loc":{"start":{"line":37,"column":3},"end":{"line":37,"column":66}}},"7":{"name":"getCooldownTime","line":41,"loc":{"start":{"line":41,"column":3},"end":{"line":41,"column":65}}},"8":{"name":"_triggerCooldown","line":45,"loc":{"start":{"line":45,"column":3},"end":{"line":45,"column":48}}}},"statementMap":{"1":{"start":{"line":16,"column":2},"end":{"line":16,"column":22}},"2":{"start":{"line":20,"column":2},"end":{"line":20,"column":49}},"3":{"start":{"line":25,"column":2},"end":{"line":25,"column":53}},"4":{"start":{"line":30,"column":7},"end":{"line":30,"column":46}},"5":{"start":{"line":34,"column":2},"end":{"line":34,"column":17}},"6":{"start":{"line":38,"column":4},"end":{"line":38,"column":39}},"7":{"start":{"line":42,"column":2},"end":{"line":42,"column":45}},"8":{"start":{"line":46,"column":4},"end":{"line":46,"column":69}}},"branchMap":{"1":{"line":20,"type":"if","locations":[{"start":{"line":20,"column":2},"end":{"line":20,"column":2}},{"start":{"line":20,"column":2},"end":{"line":20,"column":2}}]},"2":{"line":25,"type":"if","locations":[{"start":{"line":25,"column":2},"end":{"line":25,"column":2}},{"start":{"line":25,"column":2},"end":{"line":25,"column":2}}]}}},"contracts/MagicAct.sol":{"l":{"11":1,"12":1,"13":1,"17":1,"18":1,"22":2,"23":2,"24":2},"path":"/Users/hank/Desktop/CS/Blockchain/TCI/Magic/contracts/MagicAct.sol","s":{"1":1,"2":1,"3":1,"4":1,"5":1,"6":2,"7":2,"8":2},"b":{},"f":{"1":1,"2":1,"3":2},"fnMap":{"1":{"name":"act","line":10,"loc":{"start":{"line":10,"column":1},"end":{"line":10,"column":85}}},"2":{"name":"freeAct","line":16,"loc":{"start":{"line":16,"column":1},"end":{"line":16,"column":58}}},"3":{"name":"payMagician","line":21,"loc":{"start":{"line":21,"column":3},"end":{"line":21,"column":48}}}},"statementMap":{"1":{"start":{"line":11,"column":2},"end":{"line":11,"column":24}},"2":{"start":{"line":12,"column":2},"end":{"line":12,"column":19}},"3":{"start":{"line":13,"column":2},"end":{"line":13,"column":17}},"4":{"start":{"line":17,"column":2},"end":{"line":17,"column":24}},"5":{"start":{"line":18,"column":2},"end":{"line":18,"column":17}},"6":{"start":{"line":22,"column":4},"end":{"line":22,"column":32}},"7":{"start":{"line":23,"column":4},"end":{"line":23,"column":28}},"8":{"start":{"line":24,"column":4},"end":{"line":24,"column":40}}},"branchMap":{}}}