{"contracts/Audience.sol":{"l":{"18":0,"19":0,"23":2,"24":0,"28":0},"path":"/Users/hank/Desktop/Blockchain/TCI/MagicToken/contracts/Audience.sol","s":{"1":0,"2":2,"3":0,"4":0},"b":{"1":[0,0]},"f":{"1":0,"2":2,"3":0},"fnMap":{"1":{"name":"_checkDonation","line":17,"loc":{"start":{"line":17,"column":1},"end":{"line":17,"column":38}}},"2":{"name":"donate","line":22,"loc":{"start":{"line":22,"column":3},"end":{"line":22,"column":38}}},"3":{"name":"getDonation","line":27,"loc":{"start":{"line":27,"column":3},"end":{"line":27,"column":66}}}},"statementMap":{"1":{"start":{"line":18,"column":2},"end":{"line":18,"column":49}},"2":{"start":{"line":23,"column":7},"end":{"line":23,"column":33}},"3":{"start":{"line":24,"column":7},"end":{"line":24,"column":44}},"4":{"start":{"line":28,"column":4},"end":{"line":28,"column":39}}},"branchMap":{"1":{"line":18,"type":"if","locations":[{"start":{"line":18,"column":2},"end":{"line":18,"column":2}},{"start":{"line":18,"column":2},"end":{"line":18,"column":2}}]}}},"contracts/MagicAct.sol":{"l":{"10":0,"11":0,"12":0,"13":0,"17":0,"18":0,"19":0,"20":0,"24":0,"25":0,"26":0,"27":0,"31":0,"32":0,"33":0,"34":0},"path":"/Users/hank/Desktop/Blockchain/TCI/MagicToken/contracts/MagicAct.sol","s":{"1":0,"2":0,"3":0,"4":0,"5":0,"6":0,"7":0,"8":0,"9":0,"10":0,"11":0,"12":0,"13":0,"14":0,"15":0,"16":0},"b":{"1":[0,0],"2":[0,0],"3":[0,0],"4":[0,0]},"f":{"1":0,"2":0,"3":0,"4":0},"fnMap":{"1":{"name":"cardTrick","line":9,"loc":{"start":{"line":9,"column":1},"end":{"line":9,"column":61}}},"2":{"name":"partyShow","line":16,"loc":{"start":{"line":16,"column":1},"end":{"line":16,"column":62}}},"3":{"name":"stageShow","line":23,"loc":{"start":{"line":23,"column":1},"end":{"line":23,"column":62}}},"4":{"name":"illution","line":30,"loc":{"start":{"line":30,"column":1},"end":{"line":30,"column":62}}}},"statementMap":{"1":{"start":{"line":10,"column":2},"end":{"line":10,"column":55}},"2":{"start":{"line":11,"column":2},"end":{"line":11,"column":69}},"3":{"start":{"line":12,"column":2},"end":{"line":12,"column":39}},"4":{"start":{"line":13,"column":2},"end":{"line":13,"column":13}},"5":{"start":{"line":17,"column":2},"end":{"line":17,"column":55}},"6":{"start":{"line":18,"column":2},"end":{"line":18,"column":69}},"7":{"start":{"line":19,"column":2},"end":{"line":19,"column":39}},"8":{"start":{"line":20,"column":2},"end":{"line":20,"column":13}},"9":{"start":{"line":24,"column":2},"end":{"line":24,"column":55}},"10":{"start":{"line":25,"column":2},"end":{"line":25,"column":69}},"11":{"start":{"line":26,"column":2},"end":{"line":26,"column":39}},"12":{"start":{"line":27,"column":2},"end":{"line":27,"column":13}},"13":{"start":{"line":31,"column":2},"end":{"line":31,"column":55}},"14":{"start":{"line":32,"column":2},"end":{"line":32,"column":68}},"15":{"start":{"line":33,"column":2},"end":{"line":33,"column":39}},"16":{"start":{"line":34,"column":2},"end":{"line":34,"column":13}}},"branchMap":{"1":{"line":10,"type":"if","locations":[{"start":{"line":10,"column":2},"end":{"line":10,"column":2}},{"start":{"line":10,"column":2},"end":{"line":10,"column":2}}]},"2":{"line":17,"type":"if","locations":[{"start":{"line":17,"column":2},"end":{"line":17,"column":2}},{"start":{"line":17,"column":2},"end":{"line":17,"column":2}}]},"3":{"line":24,"type":"if","locations":[{"start":{"line":24,"column":2},"end":{"line":24,"column":2}},{"start":{"line":24,"column":2},"end":{"line":24,"column":2}}]},"4":{"line":31,"type":"if","locations":[{"start":{"line":31,"column":2},"end":{"line":31,"column":2}},{"start":{"line":31,"column":2},"end":{"line":31,"column":2}}]}}},"contracts/MagicToken.sol":{"l":{"13":6},"path":"/Users/hank/Desktop/Blockchain/TCI/MagicToken/contracts/MagicToken.sol","s":{"1":6},"b":{},"f":{"1":6},"fnMap":{"1":{"name":"constructor","line":12,"loc":{"start":{"line":12,"column":2},"end":{"line":12,"column":61}}}},"statementMap":{"1":{"start":{"line":13,"column":4},"end":{"line":13,"column":36}}},"branchMap":{}}}