TN:
SF:/Users/hank/Desktop/Blockchain/TCI/Magic/contracts/Magic.sol
FN:15,constructor
FN:19,checkEnoughDonation
FN:24,donate
FN:28,getMagician
FN:32,getDonation
FN:36,getCooldownTime
FN:40,_triggerCooldown
FNF:7
FNH:7
FNDA:6,constructor
FNDA:1,checkEnoughDonation
FNDA:2,donate
FNDA:6,getMagician
FNDA:4,getDonation
FNDA:1,getCooldownTime
FNDA:1,_triggerCooldown
DA:16,6
DA:20,1
DA:21,1
DA:25,2
DA:29,6
DA:33,4
DA:37,1
DA:41,1
LF:8
LH:8
BRDA:20,1,0,1
BRDA:20,1,1,0
BRF:2
BRH:1
end_of_record
TN:
SF:/Users/hank/Desktop/Blockchain/TCI/Magic/contracts/MagicAct.sol
FN:10,act
FN:17,payMagician
FNF:2
FNH:2
FNDA:1,act
FNDA:2,payMagician
DA:11,1
DA:12,1
DA:13,1
DA:14,1
DA:18,2
DA:19,2
DA:20,2
LF:7
LH:7
BRDA:11,1,0,1
BRDA:11,1,1,0
BRF:2
BRH:1
end_of_record
