{"contracts/Pausable.sol":{"l":{"13":1,"14":1,"18":1,"19":1,"26":1,"27":1,"34":1,"35":1},"path":"/Users/shao/Desktop/test-pausable/contracts/Pausable.sol","s":{"1":1,"2":1,"3":1,"4":1,"5":1,"6":1},"b":{"1":[1,0],"2":[1,0]},"f":{"1":1,"2":1,"3":1,"4":1},"fnMap":{"1":{"name":"whenNotPaused","line":12,"loc":{"start":{"line":12,"column":2},"end":{"line":12,"column":26}}},"2":{"name":"whenPaused","line":17,"loc":{"start":{"line":17,"column":2},"end":{"line":17,"column":23}}},"3":{"name":"pause","line":25,"loc":{"start":{"line":25,"column":2},"end":{"line":25,"column":39}}},"4":{"name":"unpause","line":33,"loc":{"start":{"line":33,"column":2},"end":{"line":33,"column":38}}}},"statementMap":{"1":{"start":{"line":13,"column":4},"end":{"line":13,"column":19}},"2":{"start":{"line":18,"column":4},"end":{"line":18,"column":18}},"3":{"start":{"line":26,"column":4},"end":{"line":26,"column":16}},"4":{"start":{"line":27,"column":4},"end":{"line":27,"column":16}},"5":{"start":{"line":34,"column":4},"end":{"line":34,"column":17}},"6":{"start":{"line":35,"column":4},"end":{"line":35,"column":18}}},"branchMap":{"1":{"line":13,"type":"if","locations":[{"start":{"line":13,"column":4},"end":{"line":13,"column":4}},{"start":{"line":13,"column":4},"end":{"line":13,"column":4}}]},"2":{"line":18,"type":"if","locations":[{"start":{"line":18,"column":4},"end":{"line":18,"column":4}},{"start":{"line":18,"column":4},"end":{"line":18,"column":4}}]}}}}